Determining if the pthread_create exist failed with the following output:
Change Dir: /cal/homes/fdelima/IGR201/computer_graphics/BaseGL/build/CMakeFiles/CMakeTmp

Run Build Command:"/usr/bin/make" "cmTC_93961/fast"
/usr/bin/make -f CMakeFiles/cmTC_93961.dir/build.make CMakeFiles/cmTC_93961.dir/build
make[1] : on entre dans le répertoire « /cal/homes/fdelima/IGR201/computer_graphics/BaseGL/build/CMakeFiles/CMakeTmp »
Building C object CMakeFiles/cmTC_93961.dir/CheckSymbolExists.c.o
/usr/bin/cc     -o CMakeFiles/cmTC_93961.dir/CheckSymbolExists.c.o   -c /cal/homes/fdelima/IGR201/computer_graphics/BaseGL/build/CMakeFiles/CMakeTmp/CheckSymbolExists.c
Linking C executable cmTC_93961
/usr/bin/cmake -E cmake_link_script CMakeFiles/cmTC_93961.dir/link.txt --verbose=1
/usr/bin/cc       CMakeFiles/cmTC_93961.dir/CheckSymbolExists.c.o  -o cmTC_93961 -rdynamic 
CMakeFiles/cmTC_93961.dir/CheckSymbolExists.c.o : Dans la fonction « main » :
CheckSymbolExists.c:(.text+0x1b) : référence indéfinie vers « pthread_create »
collect2: error: ld returned 1 exit status
CMakeFiles/cmTC_93961.dir/build.make:97 : la recette pour la cible « cmTC_93961 » a échouée
make[1]: *** [cmTC_93961] Erreur 1
make[1] : on quitte le répertoire « /cal/homes/fdelima/IGR201/computer_graphics/BaseGL/build/CMakeFiles/CMakeTmp »
Makefile:126 : la recette pour la cible « cmTC_93961/fast » a échouée
make: *** [cmTC_93961/fast] Erreur 2

File /cal/homes/fdelima/IGR201/computer_graphics/BaseGL/build/CMakeFiles/CMakeTmp/CheckSymbolExists.c:
/* */
#include <pthread.h>

int main(int argc, char** argv)
{
  (void)argv;
#ifndef pthread_create
  return ((int*)(&pthread_create))[argc];
#else
  (void)argc;
  return 0;
#endif
}

Determining if the function pthread_create exists in the pthreads failed with the following output:
Change Dir: /cal/homes/fdelima/IGR201/computer_graphics/BaseGL/build/CMakeFiles/CMakeTmp

Run Build Command:"/usr/bin/make" "cmTC_86754/fast"
/usr/bin/make -f CMakeFiles/cmTC_86754.dir/build.make CMakeFiles/cmTC_86754.dir/build
make[1] : on entre dans le répertoire « /cal/homes/fdelima/IGR201/computer_graphics/BaseGL/build/CMakeFiles/CMakeTmp »
Building C object CMakeFiles/cmTC_86754.dir/CheckFunctionExists.c.o
/usr/bin/cc    -DCHECK_FUNCTION_EXISTS=pthread_create   -o CMakeFiles/cmTC_86754.dir/CheckFunctionExists.c.o   -c /usr/share/cmake-3.7/Modules/CheckFunctionExists.c
Linking C executable cmTC_86754
/usr/bin/cmake -E cmake_link_script CMakeFiles/cmTC_86754.dir/link.txt --verbose=1
/usr/bin/cc   -DCHECK_FUNCTION_EXISTS=pthread_create    CMakeFiles/cmTC_86754.dir/CheckFunctionExists.c.o  -o cmTC_86754 -rdynamic -lpthreads 
/usr/bin/ld : ne peut trouver -lpthreads
collect2: error: ld returned 1 exit status
CMakeFiles/cmTC_86754.dir/build.make:97 : la recette pour la cible « cmTC_86754 » a échouée
make[1]: *** [cmTC_86754] Erreur 1
make[1] : on quitte le répertoire « /cal/homes/fdelima/IGR201/computer_graphics/BaseGL/build/CMakeFiles/CMakeTmp »
Makefile:126 : la recette pour la cible « cmTC_86754/fast » a échouée
make: *** [cmTC_86754/fast] Erreur 2


